android/app/build/intermediates/manifest_merge_blame_file/debug/manifest-merger-blame-debug-report.txt
1<?xml version="1.0" encoding="utf-8"?>
2<manifest xmlns:android="http://schemas.android.com/apk/res/android"
3    package="com.awesomeproject"
4    android:versionCode="1"
5    android:versionName="1.0" >
6
7    <uses-sdk
8        android:minSdkVersion="16"
9        android:targetSdkVersion="29" />
10
11    <uses-permission android:name="android.permission.SYSTEM_ALERT_WINDOW" />
11-->src\debug\AndroidManifest.xml:5:5-77
11-->src\debug\AndroidManifest.xml:5:22-75
12    <uses-permission android:name="android.permission.INTERNET" />
12-->src\main\AndroidManifest.xml:4:5-67
12-->src\main\AndroidManifest.xml:4:22-64
13    <uses-permission android:name="android.permission.USE_FINGERPRINT" />
13-->src\main\AndroidManifest.xml:5:5-74
13-->src\main\AndroidManifest.xml:5:22-71
14    <uses-permission android:name="android.permission.VIBRATE" />
14-->src\main\AndroidManifest.xml:6:5-65
14-->src\main\AndroidManifest.xml:6:22-63
15    <uses-permission android:name="android.permission.CAMERA" />
15-->src\main\AndroidManifest.xml:7:5-65
15-->src\main\AndroidManifest.xml:7:22-62
16    <uses-permission android:name="android.permission.RECORD_AUDIO" />
16-->src\main\AndroidManifest.xml:8:5-70
16-->src\main\AndroidManifest.xml:8:22-68
17    <uses-permission android:name="android.permission.READ_EXTERNAL_STORAGE" />
17-->src\main\AndroidManifest.xml:9:5-80
17-->src\main\AndroidManifest.xml:9:22-77
18    <uses-permission android:name="android.permission.WRITE_EXTERNAL_STORAGE" />
18-->src\main\AndroidManifest.xml:10:5-81
18-->src\main\AndroidManifest.xml:10:22-78
19    <uses-permission android:name="android.permission.ACCESS_WIFI_STATE" />
19-->[com.facebook.flipper:flipper:0.54.0] AndroidManifest.xml:16:5-76
19-->[com.facebook.flipper:flipper:0.54.0] AndroidManifest.xml:16:22-73
20
21    <uses-feature
21-->[:react-native-camera] AndroidManifest.xml:11:5-13:36
22        android:name="android.hardware.camera"
22-->[:react-native-camera] AndroidManifest.xml:12:9-47
23        android:required="false" />
23-->[:react-native-camera] AndroidManifest.xml:13:9-33
24    <uses-feature
24-->[:react-native-camera] AndroidManifest.xml:14:5-16:36
25        android:name="android.hardware.camera.autofocus"
25-->[:react-native-camera] AndroidManifest.xml:15:9-57
26        android:required="false" />
26-->[:react-native-camera] AndroidManifest.xml:16:9-33
27
28    <uses-permission android:name="android.permission.USE_BIOMETRIC" />
28-->[:react-native-fingerprint-scanner] AndroidManifest.xml:12:5-72
28-->[:react-native-fingerprint-scanner] AndroidManifest.xml:12:22-69
29    <uses-permission android:name="com.fingerprints.service.ACCESS_FINGERPRINT_MANAGER" />
29-->[:react-native-fingerprint-scanner] AndroidManifest.xml:13:5-91
29-->[:react-native-fingerprint-scanner] AndroidManifest.xml:13:22-88
30    <uses-permission android:name="com.samsung.android.providers.context.permission.WRITE_USE_APP_FEATURE_SURVEY" />
30-->[:react-native-fingerprint-scanner] AndroidManifest.xml:14:5-117
30-->[:react-native-fingerprint-scanner] AndroidManifest.xml:14:22-114
31
32    <application
32-->src\main\AndroidManifest.xml:11:5-30:19
33        android:name="com.awesomeproject.MainApplication"
33-->src\main\AndroidManifest.xml:12:7-38
34        android:allowBackup="false"
34-->src\main\AndroidManifest.xml:16:7-34
35        android:appComponentFactory="androidx.core.app.CoreComponentFactory"
35-->[androidx.core:core:1.1.0] AndroidManifest.xml:24:18-86
36        android:debuggable="true"
37        android:icon="@mipmap/ic_launcher"
37-->src\main\AndroidManifest.xml:14:7-41
38        android:label="@string/app_name"
38-->src\main\AndroidManifest.xml:13:7-39
39        android:roundIcon="@mipmap/ic_launcher_round"
39-->src\main\AndroidManifest.xml:15:7-52
40        android:theme="@style/AppTheme"
40-->src\main\AndroidManifest.xml:17:7-38
41        android:usesCleartextTraffic="true" >
41-->src\debug\AndroidManifest.xml:7:18-53
42        <activity
42-->src\main\AndroidManifest.xml:18:7-28:18
43            android:name="com.awesomeproject.MainActivity"
43-->src\main\AndroidManifest.xml:19:9-37
44            android:configChanges="keyboard|keyboardHidden|orientation|screenSize|uiMode"
44-->src\main\AndroidManifest.xml:21:9-86
45            android:label="@string/app_name"
45-->src\main\AndroidManifest.xml:20:9-41
46            android:launchMode="singleTask"
46-->src\main\AndroidManifest.xml:22:9-40
47            android:windowSoftInputMode="adjustResize" >
47-->src\main\AndroidManifest.xml:23:9-51
48            <intent-filter>
48-->src\main\AndroidManifest.xml:24:9-27:25
49                <action android:name="android.intent.action.MAIN" />
49-->src\main\AndroidManifest.xml:25:13-65
49-->src\main\AndroidManifest.xml:25:21-62
50
51                <category android:name="android.intent.category.LAUNCHER" />
51-->src\main\AndroidManifest.xml:26:13-73
51-->src\main\AndroidManifest.xml:26:23-70
52            </intent-filter>
53        </activity>
54        <activity android:name="com.facebook.react.devsupport.DevSettingsActivity" />
54-->src\main\AndroidManifest.xml:29:7-84
54-->src\main\AndroidManifest.xml:29:17-81
55
56        <provider
56-->[:react-native-webview] AndroidManifest.xml:12:9-20:20
57            android:name="com.reactnativecommunity.webview.RNCWebViewFileProvider"
57-->[:react-native-webview] AndroidManifest.xml:13:13-83
58            android:authorities="com.awesomeproject.fileprovider"
58-->[:react-native-webview] AndroidManifest.xml:14:13-64
59            android:exported="false"
59-->[:react-native-webview] AndroidManifest.xml:15:13-37
60            android:grantUriPermissions="true" >
60-->[:react-native-webview] AndroidManifest.xml:16:13-47
61            <meta-data
61-->[:react-native-webview] AndroidManifest.xml:17:13-19:63
62                android:name="android.support.FILE_PROVIDER_PATHS"
62-->[:react-native-webview] AndroidManifest.xml:18:17-67
63                android:resource="@xml/file_provider_paths" />
63-->[:react-native-webview] AndroidManifest.xml:19:17-60
64        </provider>
65
66        <activity
66-->[com.google.android.gms:play-services-base:16.0.1] AndroidManifest.xml:23:9-26:75
67            android:name="com.google.android.gms.common.api.GoogleApiActivity"
67-->[com.google.android.gms:play-services-base:16.0.1] AndroidManifest.xml:24:13-79
68            android:exported="false"
68-->[com.google.android.gms:play-services-base:16.0.1] AndroidManifest.xml:25:13-37
69            android:theme="@android:style/Theme.Translucent.NoTitleBar" />
69-->[com.google.android.gms:play-services-base:16.0.1] AndroidManifest.xml:26:13-72
70
71        <meta-data
71-->[com.google.android.gms:play-services-basement:16.1.0] AndroidManifest.xml:23:9-25:69
72            android:name="com.google.android.gms.version"
72-->[com.google.android.gms:play-services-basement:16.1.0] AndroidManifest.xml:24:13-58
73            android:value="@integer/google_play_services_version" />
73-->[com.google.android.gms:play-services-basement:16.1.0] AndroidManifest.xml:25:13-66
74
75        <activity
75-->[androidx.biometric:biometric:1.0.1] AndroidManifest.xml:28:9-31:67
76            android:name="androidx.biometric.DeviceCredentialHandlerActivity"
76-->[androidx.biometric:biometric:1.0.1] AndroidManifest.xml:29:13-78
77            android:exported="true"
77-->[androidx.biometric:biometric:1.0.1] AndroidManifest.xml:30:13-36
78            android:theme="@style/DeviceCredentialHandlerTheme" />
78-->[androidx.biometric:biometric:1.0.1] AndroidManifest.xml:31:13-64
79    </application>
80
81</manifest>